# JRE version: OpenJDK Runtime Environment (8.0_202-b03) (build 1.8.0_202-release-1483-b03)
# Java VM: OpenJDK 64-Bit Server VM (25.202-b03 mixed mode windows-amd64 compressed oops)
Heap:
 PSYoungGen      total 270848K, used 5084K [0x00000000e0000000, 0x00000000f5300000, 0x0000000100000000)
  eden space 260096K, 1% used [0x00000000e0000000,0x00000000e04f70c0,0x00000000efe00000)
  from space 10752K, 0% used [0x00000000efe00000,0x00000000efe00000,0x00000000f0880000)
  to   space 13824K, 0% used [0x00000000f4580000,0x00000000f4580000,0x00000000f5300000)
 ParOldGen       total 159744K, used 17683K [0x00000000a0000000, 0x00000000a9c00000, 0x00000000e0000000)
  object space 159744K, 11% used [0x00000000a0000000,0x00000000a1144fd8,0x00000000a9c00000)
 Metaspace       used 34725K, capacity 35470K, committed 35800K, reserved 1079296K
  class space    used 4799K, capacity 5006K, committed 5120K, reserved 1048576K
GC Heap History (10 events):
Event: 2.623 GC heap before
{Heap before GC invocations=3 (full 0):
 PSYoungGen      total 140800K, used 59692K [0x00000000e0000000, 0x00000000e9400000, 0x0000000100000000)
  eden space 130048K, 37% used [0x00000000e0000000,0x00000000e301ae98,0x00000000e7f00000)
  from space 10752K, 97% used [0x00000000e8980000,0x00000000e93b0408,0x00000000e9400000)
  to   space 10752K, 0% used [0x00000000e7f00000,0x00000000e7f00000,0x00000000e8980000)
 ParOldGen       total 173568K, used 24K [0x00000000a0000000, 0x00000000aa980000, 0x00000000e0000000)
  object space 173568K, 0% used [0x00000000a0000000,0x00000000a0006000,0x00000000aa980000)
 Metaspace       used 20666K, capacity 21068K, committed 21248K, reserved 1067008K
  class space    used 2855K, capacity 3002K, committed 3072K, reserved 1048576K
Event: 2.632 GC heap after
Heap after GC invocations=3 (full 0):
 PSYoungGen      total 140800K, used 10741K [0x00000000e0000000, 0x00000000f1300000, 0x0000000100000000)
  eden space 130048K, 0% used [0x00000000e0000000,0x00000000e0000000,0x00000000e7f00000)
  from space 10752K, 99% used [0x00000000e7f00000,0x00000000e897d748,0x00000000e8980000)
  to   space 10752K, 0% used [0x00000000f0880000,0x00000000f0880000,0x00000000f1300000)
 ParOldGen       total 173568K, used 471K [0x00000000a0000000, 0x00000000aa980000, 0x00000000e0000000)
  object space 173568K, 0% used [0x00000000a0000000,0x00000000a0075d08,0x00000000aa980000)
 Metaspace       used 20666K, capacity 21068K, committed 21248K, reserved 1067008K
  class space    used 2855K, capacity 3002K, committed 3072K, reserved 1048576K
}
Event: 2.632 GC heap before
{Heap before GC invocations=4 (full 1):
 PSYoungGen      total 140800K, used 10741K [0x00000000e0000000, 0x00000000f1300000, 0x0000000100000000)
  eden space 130048K, 0% used [0x00000000e0000000,0x00000000e0000000,0x00000000e7f00000)
  from space 10752K, 99% used [0x00000000e7f00000,0x00000000e897d748,0x00000000e8980000)
  to   space 10752K, 0% used [0x00000000f0880000,0x00000000f0880000,0x00000000f1300000)
 ParOldGen       total 173568K, used 471K [0x00000000a0000000, 0x00000000aa980000, 0x00000000e0000000)
  object space 173568K, 0% used [0x00000000a0000000,0x00000000a0075d08,0x00000000aa980000)
 Metaspace       used 20666K, capacity 21068K, committed 21248K, reserved 1067008K
  class space    used 2855K, capacity 3002K, committed 3072K, reserved 1048576K
Event: 2.657 GC heap after
Heap after GC invocations=4 (full 1):
 PSYoungGen      total 140800K, used 0K [0x00000000e0000000, 0x00000000f1300000, 0x0000000100000000)
  eden space 130048K, 0% used [0x00000000e0000000,0x00000000e0000000,0x00000000e7f00000)
  from space 10752K, 0% used [0x00000000e7f00000,0x00000000e7f00000,0x00000000e8980000)
  to   space 10752K, 0% used [0x00000000f0880000,0x00000000f0880000,0x00000000f1300000)
 ParOldGen       total 102400K, used 10805K [0x00000000a0000000, 0x00000000a6400000, 0x00000000e0000000)
  object space 102400K, 10% used [0x00000000a0000000,0x00000000a0a8d728,0x00000000a6400000)
 Metaspace       used 20666K, capacity 21068K, committed 21248K, reserved 1067008K
  class space    used 2855K, capacity 3002K, committed 3072K, reserved 1048576K
}
Event: 3.915 GC heap before
{Heap before GC invocations=5 (full 1):
 PSYoungGen      total 140800K, used 130048K [0x00000000e0000000, 0x00000000f1300000, 0x0000000100000000)
  eden space 130048K, 100% used [0x00000000e0000000,0x00000000e7f00000,0x00000000e7f00000)
  from space 10752K, 0% used [0x00000000e7f00000,0x00000000e7f00000,0x00000000e8980000)
  to   space 10752K, 0% used [0x00000000f0880000,0x00000000f0880000,0x00000000f1300000)
 ParOldGen       total 102400K, used 10805K [0x00000000a0000000, 0x00000000a6400000, 0x00000000e0000000)
  object space 102400K, 10% used [0x00000000a0000000,0x00000000a0a8d728,0x00000000a6400000)
 Metaspace       used 31302K, capacity 31716K, committed 32128K, reserved 1077248K
  class space    used 4310K, capacity 4471K, committed 4480K, reserved 1048576K
Event: 3.924 GC heap after
Heap after GC invocations=5 (full 1):
 PSYoungGen      total 214528K, used 10740K [0x00000000e0000000, 0x00000000f1300000, 0x0000000100000000)
  eden space 203776K, 0% used [0x00000000e0000000,0x00000000e0000000,0x00000000ec700000)
  from space 10752K, 99% used [0x00000000f0880000,0x00000000f12fd170,0x00000000f1300000)
  to   space 10752K, 0% used [0x00000000efe00000,0x00000000efe00000,0x00000000f0880000)
 ParOldGen       total 102400K, used 12542K [0x00000000a0000000, 0x00000000a6400000, 0x00000000e0000000)
  object space 102400K, 12% used [0x00000000a0000000,0x00000000a0c3fa28,0x00000000a6400000)
 Metaspace       used 31302K, capacity 31716K, committed 32128K, reserved 1077248K
  class space    used 4310K, capacity 4471K, committed 4480K, reserved 1048576K
}
Event: 4.618 GC heap before
{Heap before GC invocations=6 (full 1):
 PSYoungGen      total 214528K, used 68974K [0x00000000e0000000, 0x00000000f1300000, 0x0000000100000000)
  eden space 203776K, 28% used [0x00000000e0000000,0x00000000e38de930,0x00000000ec700000)
  from space 10752K, 99% used [0x00000000f0880000,0x00000000f12fd170,0x00000000f1300000)
  to   space 10752K, 0% used [0x00000000efe00000,0x00000000efe00000,0x00000000f0880000)
 ParOldGen       total 102400K, used 12542K [0x00000000a0000000, 0x00000000a6400000, 0x00000000e0000000)
  object space 102400K, 12% used [0x00000000a0000000,0x00000000a0c3fa28,0x00000000a6400000)
 Metaspace       used 34566K, capacity 35222K, committed 35416K, reserved 1079296K
  class space    used 4779K, capacity 4954K, committed 4992K, reserved 1048576K
Event: 4.627 GC heap after
Heap after GC invocations=6 (full 1):
 PSYoungGen      total 270848K, used 10288K [0x00000000e0000000, 0x00000000f5300000, 0x0000000100000000)
  eden space 260096K, 0% used [0x00000000e0000000,0x00000000e0000000,0x00000000efe00000)
  from space 10752K, 95% used [0x00000000efe00000,0x00000000f080c178,0x00000000f0880000)
  to   space 13824K, 0% used [0x00000000f4580000,0x00000000f4580000,0x00000000f5300000)
 ParOldGen       total 102400K, used 12550K [0x00000000a0000000, 0x00000000a6400000, 0x00000000e0000000)
  object space 102400K, 12% used [0x00000000a0000000,0x00000000a0c41a28,0x00000000a6400000)
 Metaspace       used 34566K, capacity 35222K, committed 35416K, reserved 1079296K
  class space    used 4779K, capacity 4954K, committed 4992K, reserved 1048576K
}
Event: 4.627 GC heap before
{Heap before GC invocations=7 (full 2):
 PSYoungGen      total 270848K, used 10288K [0x00000000e0000000, 0x00000000f5300000, 0x0000000100000000)
  eden space 260096K, 0% used [0x00000000e0000000,0x00000000e0000000,0x00000000efe00000)
  from space 10752K, 95% used [0x00000000efe00000,0x00000000f080c178,0x00000000f0880000)
  to   space 13824K, 0% used [0x00000000f4580000,0x00000000f4580000,0x00000000f5300000)
 ParOldGen       total 102400K, used 12550K [0x00000000a0000000, 0x00000000a6400000, 0x00000000e0000000)
  object space 102400K, 12% used [0x00000000a0000000,0x00000000a0c41a28,0x00000000a6400000)
 Metaspace       used 34566K, capacity 35222K, committed 35416K, reserved 1079296K
  class space    used 4779K, capacity 4954K, committed 4992K, reserved 1048576K
Event: 4.666 GC heap after
Heap after GC invocations=7 (full 2):
 PSYoungGen      total 270848K, used 0K [0x00000000e0000000, 0x00000000f5300000, 0x0000000100000000)
  eden space 260096K, 0% used [0x00000000e0000000,0x00000000e0000000,0x00000000efe00000)
  from space 10752K, 0% used [0x00000000efe00000,0x00000000efe00000,0x00000000f0880000)
  to   space 13824K, 0% used [0x00000000f4580000,0x00000000f4580000,0x00000000f5300000)
 ParOldGen       total 159744K, used 17683K [0x00000000a0000000, 0x00000000a9c00000, 0x00000000e0000000)
  object space 159744K, 11% used [0x00000000a0000000,0x00000000a1144fd8,0x00000000a9c00000)
 Metaspace       used 34545K, capacity 35150K, committed 35416K, reserved 1079296K
  class space    used 4772K, capacity 4942K, committed 4992K, reserved 1048576K
}

